Start testing: Apr 07 15:32 CEST
----------------------------------------------------------
1/29 Testing: FooWrite.TextObjects_DD
1/29 Test: FooWrite.TextObjects_DD
Command: "/Users/ruben/code/foowrite-core2/tests/build/foowrite_tests" "--gtest_filter=FooWrite.TextObjects_DD" "--gtest_also_run_disabled_tests"
Directory: /Users/ruben/code/foowrite-core2/tests/build
"FooWrite.TextObjects_DD" start time: Apr 07 15:32 CEST
Output:
----------------------------------------------------------
Running main() from /Users/ruben/code/foowrite-core2/tests/build/_deps/googletest-src/googletest/src/gtest_main.cc
Note: Google Test filter = FooWrite.TextObjects_DD
[==========] Running 1 test from 1 test suite.
[----------] Global test environment set-up.
[----------] 1 test from FooWrite
[ RUN      ] FooWrite.TextObjects_DD
[       OK ] FooWrite.TextObjects_DD (0 ms)
[----------] 1 test from FooWrite (0 ms total)

[----------] Global test environment tear-down
[==========] 1 test from 1 test suite ran. (0 ms total)
[  PASSED  ] 1 test.
<end of output>
Test time =   0.05 sec
----------------------------------------------------------
Test Passed.
"FooWrite.TextObjects_DD" end time: Apr 07 15:32 CEST
"FooWrite.TextObjects_DD" time elapsed: 00:00:00
----------------------------------------------------------

2/29 Testing: FooWrite.TextObjects_DD_2
2/29 Test: FooWrite.TextObjects_DD_2
Command: "/Users/ruben/code/foowrite-core2/tests/build/foowrite_tests" "--gtest_filter=FooWrite.TextObjects_DD_2" "--gtest_also_run_disabled_tests"
Directory: /Users/ruben/code/foowrite-core2/tests/build
"FooWrite.TextObjects_DD_2" start time: Apr 07 15:32 CEST
Output:
----------------------------------------------------------
Running main() from /Users/ruben/code/foowrite-core2/tests/build/_deps/googletest-src/googletest/src/gtest_main.cc
Note: Google Test filter = FooWrite.TextObjects_DD_2
[==========] Running 1 test from 1 test suite.
[----------] Global test environment set-up.
[----------] 1 test from FooWrite
[ RUN      ] FooWrite.TextObjects_DD_2
[       OK ] FooWrite.TextObjects_DD_2 (0 ms)
[----------] 1 test from FooWrite (0 ms total)

[----------] Global test environment tear-down
[==========] 1 test from 1 test suite ran. (0 ms total)
[  PASSED  ] 1 test.
<end of output>
Test time =   0.04 sec
----------------------------------------------------------
Test Passed.
"FooWrite.TextObjects_DD_2" end time: Apr 07 15:32 CEST
"FooWrite.TextObjects_DD_2" time elapsed: 00:00:00
----------------------------------------------------------

3/29 Testing: FooWrite.TextObjects_DD_EmptyLine
3/29 Test: FooWrite.TextObjects_DD_EmptyLine
Command: "/Users/ruben/code/foowrite-core2/tests/build/foowrite_tests" "--gtest_filter=FooWrite.TextObjects_DD_EmptyLine" "--gtest_also_run_disabled_tests"
Directory: /Users/ruben/code/foowrite-core2/tests/build
"FooWrite.TextObjects_DD_EmptyLine" start time: Apr 07 15:32 CEST
Output:
----------------------------------------------------------
Running main() from /Users/ruben/code/foowrite-core2/tests/build/_deps/googletest-src/googletest/src/gtest_main.cc
Note: Google Test filter = FooWrite.TextObjects_DD_EmptyLine
[==========] Running 1 test from 1 test suite.
[----------] Global test environment set-up.
[----------] 1 test from FooWrite
[ RUN      ] FooWrite.TextObjects_DD_EmptyLine
[       OK ] FooWrite.TextObjects_DD_EmptyLine (0 ms)
[----------] 1 test from FooWrite (0 ms total)

[----------] Global test environment tear-down
[==========] 1 test from 1 test suite ran. (0 ms total)
[  PASSED  ] 1 test.
<end of output>
Test time =   0.04 sec
----------------------------------------------------------
Test Passed.
"FooWrite.TextObjects_DD_EmptyLine" end time: Apr 07 15:32 CEST
"FooWrite.TextObjects_DD_EmptyLine" time elapsed: 00:00:00
----------------------------------------------------------

4/29 Testing: FooWrite.TextObjects_DDollar
4/29 Test: FooWrite.TextObjects_DDollar
Command: "/Users/ruben/code/foowrite-core2/tests/build/foowrite_tests" "--gtest_filter=FooWrite.TextObjects_DDollar" "--gtest_also_run_disabled_tests"
Directory: /Users/ruben/code/foowrite-core2/tests/build
"FooWrite.TextObjects_DDollar" start time: Apr 07 15:32 CEST
Output:
----------------------------------------------------------
Running main() from /Users/ruben/code/foowrite-core2/tests/build/_deps/googletest-src/googletest/src/gtest_main.cc
Note: Google Test filter = FooWrite.TextObjects_DDollar
[==========] Running 1 test from 1 test suite.
[----------] Global test environment set-up.
[----------] 1 test from FooWrite
[ RUN      ] FooWrite.TextObjects_DDollar
[       OK ] FooWrite.TextObjects_DDollar (0 ms)
[----------] 1 test from FooWrite (0 ms total)

[----------] Global test environment tear-down
[==========] 1 test from 1 test suite ran. (0 ms total)
[  PASSED  ] 1 test.
<end of output>
Test time =   0.04 sec
----------------------------------------------------------
Test Passed.
"FooWrite.TextObjects_DDollar" end time: Apr 07 15:32 CEST
"FooWrite.TextObjects_DDollar" time elapsed: 00:00:00
----------------------------------------------------------

5/29 Testing: FooWrite.TextObjects_CDollar
5/29 Test: FooWrite.TextObjects_CDollar
Command: "/Users/ruben/code/foowrite-core2/tests/build/foowrite_tests" "--gtest_filter=FooWrite.TextObjects_CDollar" "--gtest_also_run_disabled_tests"
Directory: /Users/ruben/code/foowrite-core2/tests/build
"FooWrite.TextObjects_CDollar" start time: Apr 07 15:32 CEST
Output:
----------------------------------------------------------
Running main() from /Users/ruben/code/foowrite-core2/tests/build/_deps/googletest-src/googletest/src/gtest_main.cc
Note: Google Test filter = FooWrite.TextObjects_CDollar
[==========] Running 1 test from 1 test suite.
[----------] Global test environment set-up.
[----------] 1 test from FooWrite
[ RUN      ] FooWrite.TextObjects_CDollar
[       OK ] FooWrite.TextObjects_CDollar (0 ms)
[----------] 1 test from FooWrite (0 ms total)

[----------] Global test environment tear-down
[==========] 1 test from 1 test suite ran. (0 ms total)
[  PASSED  ] 1 test.
<end of output>
Test time =   0.04 sec
----------------------------------------------------------
Test Passed.
"FooWrite.TextObjects_CDollar" end time: Apr 07 15:32 CEST
"FooWrite.TextObjects_CDollar" time elapsed: 00:00:00
----------------------------------------------------------

6/29 Testing: FooWrite.TextObjects_daw
6/29 Test: FooWrite.TextObjects_daw
Command: "/Users/ruben/code/foowrite-core2/tests/build/foowrite_tests" "--gtest_filter=FooWrite.TextObjects_daw" "--gtest_also_run_disabled_tests"
Directory: /Users/ruben/code/foowrite-core2/tests/build
"FooWrite.TextObjects_daw" start time: Apr 07 15:32 CEST
Output:
----------------------------------------------------------
Running main() from /Users/ruben/code/foowrite-core2/tests/build/_deps/googletest-src/googletest/src/gtest_main.cc
Note: Google Test filter = FooWrite.TextObjects_daw
[==========] Running 1 test from 1 test suite.
[----------] Global test environment set-up.
[----------] 1 test from FooWrite
[ RUN      ] FooWrite.TextObjects_daw
[       OK ] FooWrite.TextObjects_daw (0 ms)
[----------] 1 test from FooWrite (0 ms total)

[----------] Global test environment tear-down
[==========] 1 test from 1 test suite ran. (0 ms total)
[  PASSED  ] 1 test.
<end of output>
Test time =   0.04 sec
----------------------------------------------------------
Test Passed.
"FooWrite.TextObjects_daw" end time: Apr 07 15:32 CEST
"FooWrite.TextObjects_daw" time elapsed: 00:00:00
----------------------------------------------------------

7/29 Testing: FooWrite.TextObjects_daw_at_end
7/29 Test: FooWrite.TextObjects_daw_at_end
Command: "/Users/ruben/code/foowrite-core2/tests/build/foowrite_tests" "--gtest_filter=FooWrite.TextObjects_daw_at_end" "--gtest_also_run_disabled_tests"
Directory: /Users/ruben/code/foowrite-core2/tests/build
"FooWrite.TextObjects_daw_at_end" start time: Apr 07 15:32 CEST
Output:
----------------------------------------------------------
Running main() from /Users/ruben/code/foowrite-core2/tests/build/_deps/googletest-src/googletest/src/gtest_main.cc
Note: Google Test filter = FooWrite.TextObjects_daw_at_end
[==========] Running 1 test from 1 test suite.
[----------] Global test environment set-up.
[----------] 1 test from FooWrite
[ RUN      ] FooWrite.TextObjects_daw_at_end
[       OK ] FooWrite.TextObjects_daw_at_end (0 ms)
[----------] 1 test from FooWrite (0 ms total)

[----------] Global test environment tear-down
[==========] 1 test from 1 test suite ran. (0 ms total)
[  PASSED  ] 1 test.
<end of output>
Test time =   0.04 sec
----------------------------------------------------------
Test Passed.
"FooWrite.TextObjects_daw_at_end" end time: Apr 07 15:32 CEST
"FooWrite.TextObjects_daw_at_end" time elapsed: 00:00:00
----------------------------------------------------------

8/29 Testing: FooWrite.TextObjects_diw
8/29 Test: FooWrite.TextObjects_diw
Command: "/Users/ruben/code/foowrite-core2/tests/build/foowrite_tests" "--gtest_filter=FooWrite.TextObjects_diw" "--gtest_also_run_disabled_tests"
Directory: /Users/ruben/code/foowrite-core2/tests/build
"FooWrite.TextObjects_diw" start time: Apr 07 15:32 CEST
Output:
----------------------------------------------------------
Running main() from /Users/ruben/code/foowrite-core2/tests/build/_deps/googletest-src/googletest/src/gtest_main.cc
Note: Google Test filter = FooWrite.TextObjects_diw
[==========] Running 1 test from 1 test suite.
[----------] Global test environment set-up.
[----------] 1 test from FooWrite
[ RUN      ] FooWrite.TextObjects_diw
[       OK ] FooWrite.TextObjects_diw (0 ms)
[----------] 1 test from FooWrite (0 ms total)

[----------] Global test environment tear-down
[==========] 1 test from 1 test suite ran. (0 ms total)
[  PASSED  ] 1 test.
<end of output>
Test time =   0.04 sec
----------------------------------------------------------
Test Passed.
"FooWrite.TextObjects_diw" end time: Apr 07 15:32 CEST
"FooWrite.TextObjects_diw" time elapsed: 00:00:00
----------------------------------------------------------

9/29 Testing: FooWrite.TextObjects_caw_mid
9/29 Test: FooWrite.TextObjects_caw_mid
Command: "/Users/ruben/code/foowrite-core2/tests/build/foowrite_tests" "--gtest_filter=FooWrite.TextObjects_caw_mid" "--gtest_also_run_disabled_tests"
Directory: /Users/ruben/code/foowrite-core2/tests/build
"FooWrite.TextObjects_caw_mid" start time: Apr 07 15:32 CEST
Output:
----------------------------------------------------------
Running main() from /Users/ruben/code/foowrite-core2/tests/build/_deps/googletest-src/googletest/src/gtest_main.cc
Note: Google Test filter = FooWrite.TextObjects_caw_mid
[==========] Running 1 test from 1 test suite.
[----------] Global test environment set-up.
[----------] 1 test from FooWrite
[ RUN      ] FooWrite.TextObjects_caw_mid
[       OK ] FooWrite.TextObjects_caw_mid (0 ms)
[----------] 1 test from FooWrite (0 ms total)

[----------] Global test environment tear-down
[==========] 1 test from 1 test suite ran. (0 ms total)
[  PASSED  ] 1 test.
<end of output>
Test time =   0.04 sec
----------------------------------------------------------
Test Passed.
"FooWrite.TextObjects_caw_mid" end time: Apr 07 15:32 CEST
"FooWrite.TextObjects_caw_mid" time elapsed: 00:00:00
----------------------------------------------------------

10/29 Testing: FooWrite.TextObjects_caw_end
10/29 Test: FooWrite.TextObjects_caw_end
Command: "/Users/ruben/code/foowrite-core2/tests/build/foowrite_tests" "--gtest_filter=FooWrite.TextObjects_caw_end" "--gtest_also_run_disabled_tests"
Directory: /Users/ruben/code/foowrite-core2/tests/build
"FooWrite.TextObjects_caw_end" start time: Apr 07 15:32 CEST
Output:
----------------------------------------------------------
Running main() from /Users/ruben/code/foowrite-core2/tests/build/_deps/googletest-src/googletest/src/gtest_main.cc
Note: Google Test filter = FooWrite.TextObjects_caw_end
[==========] Running 1 test from 1 test suite.
[----------] Global test environment set-up.
[----------] 1 test from FooWrite
[ RUN      ] FooWrite.TextObjects_caw_end
[       OK ] FooWrite.TextObjects_caw_end (0 ms)
[----------] 1 test from FooWrite (0 ms total)

[----------] Global test environment tear-down
[==========] 1 test from 1 test suite ran. (0 ms total)
[  PASSED  ] 1 test.
<end of output>
Test time =   0.04 sec
----------------------------------------------------------
Test Passed.
"FooWrite.TextObjects_caw_end" end time: Apr 07 15:32 CEST
"FooWrite.TextObjects_caw_end" time elapsed: 00:00:00
----------------------------------------------------------

11/29 Testing: FooWrite.TextObjects_dawi_at_end
11/29 Test: FooWrite.TextObjects_dawi_at_end
Command: "/Users/ruben/code/foowrite-core2/tests/build/foowrite_tests" "--gtest_filter=FooWrite.TextObjects_dawi_at_end" "--gtest_also_run_disabled_tests"
Directory: /Users/ruben/code/foowrite-core2/tests/build
"FooWrite.TextObjects_dawi_at_end" start time: Apr 07 15:32 CEST
Output:
----------------------------------------------------------
Running main() from /Users/ruben/code/foowrite-core2/tests/build/_deps/googletest-src/googletest/src/gtest_main.cc
Note: Google Test filter = FooWrite.TextObjects_dawi_at_end
[==========] Running 1 test from 1 test suite.
[----------] Global test environment set-up.
[----------] 1 test from FooWrite
[ RUN      ] FooWrite.TextObjects_dawi_at_end
[       OK ] FooWrite.TextObjects_dawi_at_end (0 ms)
[----------] 1 test from FooWrite (0 ms total)

[----------] Global test environment tear-down
[==========] 1 test from 1 test suite ran. (0 ms total)
[  PASSED  ] 1 test.
<end of output>
Test time =   0.04 sec
----------------------------------------------------------
Test Passed.
"FooWrite.TextObjects_dawi_at_end" end time: Apr 07 15:32 CEST
"FooWrite.TextObjects_dawi_at_end" time elapsed: 00:00:00
----------------------------------------------------------

12/29 Testing: FooWrite.TextObjects_caw_at_end
12/29 Test: FooWrite.TextObjects_caw_at_end
Command: "/Users/ruben/code/foowrite-core2/tests/build/foowrite_tests" "--gtest_filter=FooWrite.TextObjects_caw_at_end" "--gtest_also_run_disabled_tests"
Directory: /Users/ruben/code/foowrite-core2/tests/build
"FooWrite.TextObjects_caw_at_end" start time: Apr 07 15:32 CEST
Output:
----------------------------------------------------------
Running main() from /Users/ruben/code/foowrite-core2/tests/build/_deps/googletest-src/googletest/src/gtest_main.cc
Note: Google Test filter = FooWrite.TextObjects_caw_at_end
[==========] Running 1 test from 1 test suite.
[----------] Global test environment set-up.
[----------] 1 test from FooWrite
[ RUN      ] FooWrite.TextObjects_caw_at_end
[       OK ] FooWrite.TextObjects_caw_at_end (0 ms)
[----------] 1 test from FooWrite (0 ms total)

[----------] Global test environment tear-down
[==========] 1 test from 1 test suite ran. (0 ms total)
[  PASSED  ] 1 test.
<end of output>
Test time =   0.04 sec
----------------------------------------------------------
Test Passed.
"FooWrite.TextObjects_caw_at_end" end time: Apr 07 15:32 CEST
"FooWrite.TextObjects_caw_at_end" time elapsed: 00:00:00
----------------------------------------------------------

13/29 Testing: FooWrite.TextObjects_ciw
13/29 Test: FooWrite.TextObjects_ciw
Command: "/Users/ruben/code/foowrite-core2/tests/build/foowrite_tests" "--gtest_filter=FooWrite.TextObjects_ciw" "--gtest_also_run_disabled_tests"
Directory: /Users/ruben/code/foowrite-core2/tests/build
"FooWrite.TextObjects_ciw" start time: Apr 07 15:32 CEST
Output:
----------------------------------------------------------
Running main() from /Users/ruben/code/foowrite-core2/tests/build/_deps/googletest-src/googletest/src/gtest_main.cc
Note: Google Test filter = FooWrite.TextObjects_ciw
[==========] Running 1 test from 1 test suite.
[----------] Global test environment set-up.
[----------] 1 test from FooWrite
[ RUN      ] FooWrite.TextObjects_ciw
[       OK ] FooWrite.TextObjects_ciw (0 ms)
[----------] 1 test from FooWrite (0 ms total)

[----------] Global test environment tear-down
[==========] 1 test from 1 test suite ran. (0 ms total)
[  PASSED  ] 1 test.
<end of output>
Test time =   0.04 sec
----------------------------------------------------------
Test Passed.
"FooWrite.TextObjects_ciw" end time: Apr 07 15:32 CEST
"FooWrite.TextObjects_ciw" time elapsed: 00:00:00
----------------------------------------------------------

14/29 Testing: FooWrite.BasicWriting_Hello
14/29 Test: FooWrite.BasicWriting_Hello
Command: "/Users/ruben/code/foowrite-core2/tests/build/foowrite_tests" "--gtest_filter=FooWrite.BasicWriting_Hello" "--gtest_also_run_disabled_tests"
Directory: /Users/ruben/code/foowrite-core2/tests/build
"FooWrite.BasicWriting_Hello" start time: Apr 07 15:32 CEST
Output:
----------------------------------------------------------
Running main() from /Users/ruben/code/foowrite-core2/tests/build/_deps/googletest-src/googletest/src/gtest_main.cc
Note: Google Test filter = FooWrite.BasicWriting_Hello
[==========] Running 1 test from 1 test suite.
[----------] Global test environment set-up.
[----------] 1 test from FooWrite
[ RUN      ] FooWrite.BasicWriting_Hello
[       OK ] FooWrite.BasicWriting_Hello (0 ms)
[----------] 1 test from FooWrite (0 ms total)

[----------] Global test environment tear-down
[==========] 1 test from 1 test suite ran. (0 ms total)
[  PASSED  ] 1 test.
<end of output>
Test time =   0.04 sec
----------------------------------------------------------
Test Passed.
"FooWrite.BasicWriting_Hello" end time: Apr 07 15:32 CEST
"FooWrite.BasicWriting_Hello" time elapsed: 00:00:00
----------------------------------------------------------

15/29 Testing: FooWrite.BasicWriting_Hello2
15/29 Test: FooWrite.BasicWriting_Hello2
Command: "/Users/ruben/code/foowrite-core2/tests/build/foowrite_tests" "--gtest_filter=FooWrite.BasicWriting_Hello2" "--gtest_also_run_disabled_tests"
Directory: /Users/ruben/code/foowrite-core2/tests/build
"FooWrite.BasicWriting_Hello2" start time: Apr 07 15:32 CEST
Output:
----------------------------------------------------------
Running main() from /Users/ruben/code/foowrite-core2/tests/build/_deps/googletest-src/googletest/src/gtest_main.cc
Note: Google Test filter = FooWrite.BasicWriting_Hello2
[==========] Running 1 test from 1 test suite.
[----------] Global test environment set-up.
[----------] 1 test from FooWrite
[ RUN      ] FooWrite.BasicWriting_Hello2
[       OK ] FooWrite.BasicWriting_Hello2 (0 ms)
[----------] 1 test from FooWrite (0 ms total)

[----------] Global test environment tear-down
[==========] 1 test from 1 test suite ran. (0 ms total)
[  PASSED  ] 1 test.
<end of output>
Test time =   0.04 sec
----------------------------------------------------------
Test Passed.
"FooWrite.BasicWriting_Hello2" end time: Apr 07 15:32 CEST
"FooWrite.BasicWriting_Hello2" time elapsed: 00:00:00
----------------------------------------------------------

16/29 Testing: FooWrite.BasicWriting_Hello3
16/29 Test: FooWrite.BasicWriting_Hello3
Command: "/Users/ruben/code/foowrite-core2/tests/build/foowrite_tests" "--gtest_filter=FooWrite.BasicWriting_Hello3" "--gtest_also_run_disabled_tests"
Directory: /Users/ruben/code/foowrite-core2/tests/build
"FooWrite.BasicWriting_Hello3" start time: Apr 07 15:32 CEST
Output:
----------------------------------------------------------
Running main() from /Users/ruben/code/foowrite-core2/tests/build/_deps/googletest-src/googletest/src/gtest_main.cc
Note: Google Test filter = FooWrite.BasicWriting_Hello3
[==========] Running 1 test from 1 test suite.
[----------] Global test environment set-up.
[----------] 1 test from FooWrite
[ RUN      ] FooWrite.BasicWriting_Hello3
[       OK ] FooWrite.BasicWriting_Hello3 (0 ms)
[----------] 1 test from FooWrite (0 ms total)

[----------] Global test environment tear-down
[==========] 1 test from 1 test suite ran. (0 ms total)
[  PASSED  ] 1 test.
<end of output>
Test time =   0.04 sec
----------------------------------------------------------
Test Passed.
"FooWrite.BasicWriting_Hello3" end time: Apr 07 15:32 CEST
"FooWrite.BasicWriting_Hello3" time elapsed: 00:00:00
----------------------------------------------------------

17/29 Testing: FooWrite.BasicWriting_NewLineAtEnd
17/29 Test: FooWrite.BasicWriting_NewLineAtEnd
Command: "/Users/ruben/code/foowrite-core2/tests/build/foowrite_tests" "--gtest_filter=FooWrite.BasicWriting_NewLineAtEnd" "--gtest_also_run_disabled_tests"
Directory: /Users/ruben/code/foowrite-core2/tests/build
"FooWrite.BasicWriting_NewLineAtEnd" start time: Apr 07 15:32 CEST
Output:
----------------------------------------------------------
Running main() from /Users/ruben/code/foowrite-core2/tests/build/_deps/googletest-src/googletest/src/gtest_main.cc
Note: Google Test filter = FooWrite.BasicWriting_NewLineAtEnd
[==========] Running 1 test from 1 test suite.
[----------] Global test environment set-up.
[----------] 1 test from FooWrite
[ RUN      ] FooWrite.BasicWriting_NewLineAtEnd
[       OK ] FooWrite.BasicWriting_NewLineAtEnd (0 ms)
[----------] 1 test from FooWrite (0 ms total)

[----------] Global test environment tear-down
[==========] 1 test from 1 test suite ran. (0 ms total)
[  PASSED  ] 1 test.
<end of output>
Test time =   0.04 sec
----------------------------------------------------------
Test Passed.
"FooWrite.BasicWriting_NewLineAtEnd" end time: Apr 07 15:32 CEST
"FooWrite.BasicWriting_NewLineAtEnd" time elapsed: 00:00:00
----------------------------------------------------------

18/29 Testing: FooWrite.BasicWriting_NewLineAtMid
18/29 Test: FooWrite.BasicWriting_NewLineAtMid
Command: "/Users/ruben/code/foowrite-core2/tests/build/foowrite_tests" "--gtest_filter=FooWrite.BasicWriting_NewLineAtMid" "--gtest_also_run_disabled_tests"
Directory: /Users/ruben/code/foowrite-core2/tests/build
"FooWrite.BasicWriting_NewLineAtMid" start time: Apr 07 15:32 CEST
Output:
----------------------------------------------------------
Running main() from /Users/ruben/code/foowrite-core2/tests/build/_deps/googletest-src/googletest/src/gtest_main.cc
Note: Google Test filter = FooWrite.BasicWriting_NewLineAtMid
[==========] Running 1 test from 1 test suite.
[----------] Global test environment set-up.
[----------] 1 test from FooWrite
[ RUN      ] FooWrite.BasicWriting_NewLineAtMid
[       OK ] FooWrite.BasicWriting_NewLineAtMid (0 ms)
[----------] 1 test from FooWrite (0 ms total)

[----------] Global test environment tear-down
[==========] 1 test from 1 test suite ran. (0 ms total)
[  PASSED  ] 1 test.
<end of output>
Test time =   0.04 sec
----------------------------------------------------------
Test Passed.
"FooWrite.BasicWriting_NewLineAtMid" end time: Apr 07 15:32 CEST
"FooWrite.BasicWriting_NewLineAtMid" time elapsed: 00:00:00
----------------------------------------------------------

19/29 Testing: FooWrite.BasicWriting_NewLineMultiple
19/29 Test: FooWrite.BasicWriting_NewLineMultiple
Command: "/Users/ruben/code/foowrite-core2/tests/build/foowrite_tests" "--gtest_filter=FooWrite.BasicWriting_NewLineMultiple" "--gtest_also_run_disabled_tests"
Directory: /Users/ruben/code/foowrite-core2/tests/build
"FooWrite.BasicWriting_NewLineMultiple" start time: Apr 07 15:32 CEST
Output:
----------------------------------------------------------
Running main() from /Users/ruben/code/foowrite-core2/tests/build/_deps/googletest-src/googletest/src/gtest_main.cc
Note: Google Test filter = FooWrite.BasicWriting_NewLineMultiple
[==========] Running 1 test from 1 test suite.
[----------] Global test environment set-up.
[----------] 1 test from FooWrite
[ RUN      ] FooWrite.BasicWriting_NewLineMultiple
[       OK ] FooWrite.BasicWriting_NewLineMultiple (0 ms)
[----------] 1 test from FooWrite (0 ms total)

[----------] Global test environment tear-down
[==========] 1 test from 1 test suite ran. (0 ms total)
[  PASSED  ] 1 test.
<end of output>
Test time =   0.04 sec
----------------------------------------------------------
Test Passed.
"FooWrite.BasicWriting_NewLineMultiple" end time: Apr 07 15:32 CEST
"FooWrite.BasicWriting_NewLineMultiple" time elapsed: 00:00:00
----------------------------------------------------------

20/29 Testing: FooWrite.BasicWriting_Backspace
20/29 Test: FooWrite.BasicWriting_Backspace
Command: "/Users/ruben/code/foowrite-core2/tests/build/foowrite_tests" "--gtest_filter=FooWrite.BasicWriting_Backspace" "--gtest_also_run_disabled_tests"
Directory: /Users/ruben/code/foowrite-core2/tests/build
"FooWrite.BasicWriting_Backspace" start time: Apr 07 15:32 CEST
Output:
----------------------------------------------------------
Running main() from /Users/ruben/code/foowrite-core2/tests/build/_deps/googletest-src/googletest/src/gtest_main.cc
Note: Google Test filter = FooWrite.BasicWriting_Backspace
[==========] Running 1 test from 1 test suite.
[----------] Global test environment set-up.
[----------] 1 test from FooWrite
[ RUN      ] FooWrite.BasicWriting_Backspace
[       OK ] FooWrite.BasicWriting_Backspace (0 ms)
[----------] 1 test from FooWrite (0 ms total)

[----------] Global test environment tear-down
[==========] 1 test from 1 test suite ran. (0 ms total)
[  PASSED  ] 1 test.
<end of output>
Test time =   0.04 sec
----------------------------------------------------------
Test Passed.
"FooWrite.BasicWriting_Backspace" end time: Apr 07 15:32 CEST
"FooWrite.BasicWriting_Backspace" time elapsed: 00:00:00
----------------------------------------------------------

21/29 Testing: FooWrite.Movements_NewLineBackspaceAndDownArrow
21/29 Test: FooWrite.Movements_NewLineBackspaceAndDownArrow
Command: "/Users/ruben/code/foowrite-core2/tests/build/foowrite_tests" "--gtest_filter=FooWrite.Movements_NewLineBackspaceAndDownArrow" "--gtest_also_run_disabled_tests"
Directory: /Users/ruben/code/foowrite-core2/tests/build
"FooWrite.Movements_NewLineBackspaceAndDownArrow" start time: Apr 07 15:32 CEST
Output:
----------------------------------------------------------
Running main() from /Users/ruben/code/foowrite-core2/tests/build/_deps/googletest-src/googletest/src/gtest_main.cc
Note: Google Test filter = FooWrite.Movements_NewLineBackspaceAndDownArrow
[==========] Running 1 test from 1 test suite.
[----------] Global test environment set-up.
[----------] 1 test from FooWrite
[ RUN      ] FooWrite.Movements_NewLineBackspaceAndDownArrow
[       OK ] FooWrite.Movements_NewLineBackspaceAndDownArrow (0 ms)
[----------] 1 test from FooWrite (0 ms total)

[----------] Global test environment tear-down
[==========] 1 test from 1 test suite ran. (0 ms total)
[  PASSED  ] 1 test.
<end of output>
Test time =   0.04 sec
----------------------------------------------------------
Test Passed.
"FooWrite.Movements_NewLineBackspaceAndDownArrow" end time: Apr 07 15:32 CEST
"FooWrite.Movements_NewLineBackspaceAndDownArrow" time elapsed: 00:00:00
----------------------------------------------------------

22/29 Testing: FooWrite.Movements_InsertAtEnd
22/29 Test: FooWrite.Movements_InsertAtEnd
Command: "/Users/ruben/code/foowrite-core2/tests/build/foowrite_tests" "--gtest_filter=FooWrite.Movements_InsertAtEnd" "--gtest_also_run_disabled_tests"
Directory: /Users/ruben/code/foowrite-core2/tests/build
"FooWrite.Movements_InsertAtEnd" start time: Apr 07 15:32 CEST
Output:
----------------------------------------------------------
Running main() from /Users/ruben/code/foowrite-core2/tests/build/_deps/googletest-src/googletest/src/gtest_main.cc
Note: Google Test filter = FooWrite.Movements_InsertAtEnd
[==========] Running 1 test from 1 test suite.
[----------] Global test environment set-up.
[----------] 1 test from FooWrite
[ RUN      ] FooWrite.Movements_InsertAtEnd
[       OK ] FooWrite.Movements_InsertAtEnd (0 ms)
[----------] 1 test from FooWrite (0 ms total)

[----------] Global test environment tear-down
[==========] 1 test from 1 test suite ran. (0 ms total)
[  PASSED  ] 1 test.
<end of output>
Test time =   0.04 sec
----------------------------------------------------------
Test Passed.
"FooWrite.Movements_InsertAtEnd" end time: Apr 07 15:32 CEST
"FooWrite.Movements_InsertAtEnd" time elapsed: 00:00:00
----------------------------------------------------------

23/29 Testing: FooWrite.Movements_NormalA
23/29 Test: FooWrite.Movements_NormalA
Command: "/Users/ruben/code/foowrite-core2/tests/build/foowrite_tests" "--gtest_filter=FooWrite.Movements_NormalA" "--gtest_also_run_disabled_tests"
Directory: /Users/ruben/code/foowrite-core2/tests/build
"FooWrite.Movements_NormalA" start time: Apr 07 15:32 CEST
Output:
----------------------------------------------------------
Running main() from /Users/ruben/code/foowrite-core2/tests/build/_deps/googletest-src/googletest/src/gtest_main.cc
Note: Google Test filter = FooWrite.Movements_NormalA
[==========] Running 1 test from 1 test suite.
[----------] Global test environment set-up.
[----------] 1 test from FooWrite
[ RUN      ] FooWrite.Movements_NormalA
[       OK ] FooWrite.Movements_NormalA (0 ms)
[----------] 1 test from FooWrite (0 ms total)

[----------] Global test environment tear-down
[==========] 1 test from 1 test suite ran. (0 ms total)
[  PASSED  ] 1 test.
<end of output>
Test time =   0.04 sec
----------------------------------------------------------
Test Passed.
"FooWrite.Movements_NormalA" end time: Apr 07 15:32 CEST
"FooWrite.Movements_NormalA" time elapsed: 00:00:00
----------------------------------------------------------

24/29 Testing: FooWrite.Movements_UpAlignment
24/29 Test: FooWrite.Movements_UpAlignment
Command: "/Users/ruben/code/foowrite-core2/tests/build/foowrite_tests" "--gtest_filter=FooWrite.Movements_UpAlignment" "--gtest_also_run_disabled_tests"
Directory: /Users/ruben/code/foowrite-core2/tests/build
"FooWrite.Movements_UpAlignment" start time: Apr 07 15:32 CEST
Output:
----------------------------------------------------------
Running main() from /Users/ruben/code/foowrite-core2/tests/build/_deps/googletest-src/googletest/src/gtest_main.cc
Note: Google Test filter = FooWrite.Movements_UpAlignment
[==========] Running 1 test from 1 test suite.
[----------] Global test environment set-up.
[----------] 1 test from FooWrite
[ RUN      ] FooWrite.Movements_UpAlignment
[       OK ] FooWrite.Movements_UpAlignment (0 ms)
[----------] 1 test from FooWrite (0 ms total)

[----------] Global test environment tear-down
[==========] 1 test from 1 test suite ran. (0 ms total)
[  PASSED  ] 1 test.
<end of output>
Test time =   0.04 sec
----------------------------------------------------------
Test Passed.
"FooWrite.Movements_UpAlignment" end time: Apr 07 15:32 CEST
"FooWrite.Movements_UpAlignment" time elapsed: 00:00:00
----------------------------------------------------------

25/29 Testing: FooWrite.Movements_w
25/29 Test: FooWrite.Movements_w
Command: "/Users/ruben/code/foowrite-core2/tests/build/foowrite_tests" "--gtest_filter=FooWrite.Movements_w" "--gtest_also_run_disabled_tests"
Directory: /Users/ruben/code/foowrite-core2/tests/build
"FooWrite.Movements_w" start time: Apr 07 15:32 CEST
Output:
----------------------------------------------------------
Running main() from /Users/ruben/code/foowrite-core2/tests/build/_deps/googletest-src/googletest/src/gtest_main.cc
Note: Google Test filter = FooWrite.Movements_w
[==========] Running 1 test from 1 test suite.
[----------] Global test environment set-up.
[----------] 1 test from FooWrite
[ RUN      ] FooWrite.Movements_w
[       OK ] FooWrite.Movements_w (0 ms)
[----------] 1 test from FooWrite (0 ms total)

[----------] Global test environment tear-down
[==========] 1 test from 1 test suite ran. (0 ms total)
[  PASSED  ] 1 test.
<end of output>
Test time =   0.04 sec
----------------------------------------------------------
Test Passed.
"FooWrite.Movements_w" end time: Apr 07 15:32 CEST
"FooWrite.Movements_w" time elapsed: 00:00:00
----------------------------------------------------------

26/29 Testing: FooWrite.Movements_b
26/29 Test: FooWrite.Movements_b
Command: "/Users/ruben/code/foowrite-core2/tests/build/foowrite_tests" "--gtest_filter=FooWrite.Movements_b" "--gtest_also_run_disabled_tests"
Directory: /Users/ruben/code/foowrite-core2/tests/build
"FooWrite.Movements_b" start time: Apr 07 15:32 CEST
Output:
----------------------------------------------------------
Running main() from /Users/ruben/code/foowrite-core2/tests/build/_deps/googletest-src/googletest/src/gtest_main.cc
Note: Google Test filter = FooWrite.Movements_b
[==========] Running 1 test from 1 test suite.
[----------] Global test environment set-up.
[----------] 1 test from FooWrite
[ RUN      ] FooWrite.Movements_b
[       OK ] FooWrite.Movements_b (0 ms)
[----------] 1 test from FooWrite (0 ms total)

[----------] Global test environment tear-down
[==========] 1 test from 1 test suite ran. (0 ms total)
[  PASSED  ] 1 test.
<end of output>
Test time =   0.04 sec
----------------------------------------------------------
Test Passed.
"FooWrite.Movements_b" end time: Apr 07 15:32 CEST
"FooWrite.Movements_b" time elapsed: 00:00:00
----------------------------------------------------------

27/29 Testing: FooWrite.Movements_dollar
27/29 Test: FooWrite.Movements_dollar
Command: "/Users/ruben/code/foowrite-core2/tests/build/foowrite_tests" "--gtest_filter=FooWrite.Movements_dollar" "--gtest_also_run_disabled_tests"
Directory: /Users/ruben/code/foowrite-core2/tests/build
"FooWrite.Movements_dollar" start time: Apr 07 15:32 CEST
Output:
----------------------------------------------------------
Running main() from /Users/ruben/code/foowrite-core2/tests/build/_deps/googletest-src/googletest/src/gtest_main.cc
Note: Google Test filter = FooWrite.Movements_dollar
[==========] Running 1 test from 1 test suite.
[----------] Global test environment set-up.
[----------] 1 test from FooWrite
[ RUN      ] FooWrite.Movements_dollar
[       OK ] FooWrite.Movements_dollar (0 ms)
[----------] 1 test from FooWrite (0 ms total)

[----------] Global test environment tear-down
[==========] 1 test from 1 test suite ran. (0 ms total)
[  PASSED  ] 1 test.
<end of output>
Test time =   0.04 sec
----------------------------------------------------------
Test Passed.
"FooWrite.Movements_dollar" end time: Apr 07 15:32 CEST
"FooWrite.Movements_dollar" time elapsed: 00:00:00
----------------------------------------------------------

28/29 Testing: FooWrite.Movements_hat
28/29 Test: FooWrite.Movements_hat
Command: "/Users/ruben/code/foowrite-core2/tests/build/foowrite_tests" "--gtest_filter=FooWrite.Movements_hat" "--gtest_also_run_disabled_tests"
Directory: /Users/ruben/code/foowrite-core2/tests/build
"FooWrite.Movements_hat" start time: Apr 07 15:32 CEST
Output:
----------------------------------------------------------
Running main() from /Users/ruben/code/foowrite-core2/tests/build/_deps/googletest-src/googletest/src/gtest_main.cc
Note: Google Test filter = FooWrite.Movements_hat
[==========] Running 1 test from 1 test suite.
[----------] Global test environment set-up.
[----------] 1 test from FooWrite
[ RUN      ] FooWrite.Movements_hat
[       OK ] FooWrite.Movements_hat (0 ms)
[----------] 1 test from FooWrite (0 ms total)

[----------] Global test environment tear-down
[==========] 1 test from 1 test suite ran. (0 ms total)
[  PASSED  ] 1 test.
<end of output>
Test time =   0.04 sec
----------------------------------------------------------
Test Passed.
"FooWrite.Movements_hat" end time: Apr 07 15:32 CEST
"FooWrite.Movements_hat" time elapsed: 00:00:00
----------------------------------------------------------

29/29 Testing: FooWrite.Movements_zero
29/29 Test: FooWrite.Movements_zero
Command: "/Users/ruben/code/foowrite-core2/tests/build/foowrite_tests" "--gtest_filter=FooWrite.Movements_zero" "--gtest_also_run_disabled_tests"
Directory: /Users/ruben/code/foowrite-core2/tests/build
"FooWrite.Movements_zero" start time: Apr 07 15:32 CEST
Output:
----------------------------------------------------------
Running main() from /Users/ruben/code/foowrite-core2/tests/build/_deps/googletest-src/googletest/src/gtest_main.cc
Note: Google Test filter = FooWrite.Movements_zero
[==========] Running 1 test from 1 test suite.
[----------] Global test environment set-up.
[----------] 1 test from FooWrite
[ RUN      ] FooWrite.Movements_zero
[       OK ] FooWrite.Movements_zero (0 ms)
[----------] 1 test from FooWrite (0 ms total)

[----------] Global test environment tear-down
[==========] 1 test from 1 test suite ran. (0 ms total)
[  PASSED  ] 1 test.
<end of output>
Test time =   0.04 sec
----------------------------------------------------------
Test Passed.
"FooWrite.Movements_zero" end time: Apr 07 15:32 CEST
"FooWrite.Movements_zero" time elapsed: 00:00:00
----------------------------------------------------------

End testing: Apr 07 15:32 CEST
